
Copyright (C) 1994-2023 Synopsys, Inc.
This Synopsys software and all associated documentation are proprietary to Synopsys, Inc.
and may only be used pursuant to the terms and conditions of a written license agreement
with Synopsys, Inc. All other use, reproduction, modification, or distribution of the
Synopsys software or the associated documentation is strictly prohibited.
Tool: Synplify Pro (R)
Build: V-2023.09M
Install: C:\Microchip\Libero_SoC_v2024.1\SynplifyPro
OS: Windows 10 or later
Hostname: BOOK-1SJGB9QI3Q

Implementation : synthesis

# Written on Tue Nov 19 12:10:05 2024

##### FILES SYNTAX CHECKED ##############################################
Constraint File(s):      "C:\Users\stefa\Desktop\A_Stefan\HTWG\7.Semester\DigitaleSysteme\MeineUebungen\DigitaleSysteme\DigitaleSysteme\designer\aufgabe1\synthesis.fdc"

#Run constraint checker to find more issues with constraints.
#########################################################################



No issues found in constraint syntax.



Clock Summary
*************

          Start            Requested     Requested     Clock        Clock          Clock
Level     Clock            Frequency     Period        Type         Group          Load 
----------------------------------------------------------------------------------------
0 -       aufgabe1|clk     50.0 MHz      20.000        inferred     (multiple)     17   
========================================================================================


Clock Load Summary
******************

                 Clock     Source        Clock Pin          Non-clock Pin     Non-clock Pin
Clock            Load      Pin           Seq Example        Seq Example       Comb Example 
-------------------------------------------------------------------------------------------
aufgabe1|clk     17        clk(port)     u1.reg[13:0].C     -                 -            
===========================================================================================
