
Copyright (C) 1994-2023 Synopsys, Inc.
This Synopsys software and all associated documentation are proprietary to Synopsys, Inc.
and may only be used pursuant to the terms and conditions of a written license agreement
with Synopsys, Inc. All other use, reproduction, modification, or distribution of the
Synopsys software or the associated documentation is strictly prohibited.
Tool: Synplify Pro (R)
Build: V-2023.09M
Install: C:\Microchip\Libero_SoC_v2024.1\SynplifyPro
OS: Windows 10 or later
Hostname: BOOK-1SJGB9QI3Q

Implementation : synthesis

# Written on Tue Nov 26 10:45:13 2024

##### DESIGN INFO #######################################################

Top View:                "aufgabe1"
Constraint File(s):      "C:\Users\stefa\Desktop\A_Stefan\HTWG\7.Semester\DigitaleSysteme\MeineUebungen\DigitaleSysteme\DigitaleSysteme\designer\aufgabe1\synthesis.fdc"




##### SUMMARY ############################################################

Found 0 issues in 0 out of 0 constraints


##### DETAILS ############################################################



Clock Relationships
*******************

Starting         Ending           |     rise to rise     |     fall to fall     |     rise to fall     |     fall to rise                     
---------------------------------------------------------------------------------------------------------------------------------------------
aufgabe1|clk     aufgabe1|clk     |     20.000           |     No paths         |     No paths         |     No paths                         
=============================================================================================================================================
 Note: 'No paths' indicates there are no paths in the design for that pair of clock edges.
       'Diff grp' indicates that paths exist but the starting clock and ending clock are in different clock groups.


Unconstrained Start/End Points
******************************

p:btn[1]
p:btn[2]
p:btn[3]
p:btn[4]
p:digi[1]
p:digi[2]
p:digi[3]
p:digi[4]
p:dp
p:rst
p:seg[1]
p:seg[2]
p:seg[3]
p:seg[4]
p:seg[5]
p:seg[6]
p:seg[7]
p:sw[1]
p:sw[2]
p:sw[3]
p:sw[4]
p:sw[5]
p:sw[6]
p:sw[7]
p:sw[8]


Inapplicable constraints
************************

(none)


Applicable constraints with issues
**********************************

(none)


Constraints with matching wildcard expressions
**********************************************

(none)


Library Report
**************


# End of Constraint Checker Report
