
Copyright (C) 1994-2023 Synopsys, Inc.
This Synopsys software and all associated documentation are proprietary to Synopsys, Inc.
and may only be used pursuant to the terms and conditions of a written license agreement
with Synopsys, Inc. All other use, reproduction, modification, or distribution of the
Synopsys software or the associated documentation is strictly prohibited.
Tool: Synplify Pro (R)
Build: V-2023.09M
Install: C:\Microchip\Libero_SoC_v2024.1\SynplifyPro
OS: Windows 10 or later
Hostname: BOOK-1SJGB9QI3Q

Implementation : synthesis
Synopsys HDL compiler and linker, Version comp202309synp1, Build 146R, Built Jan  4 2024 08:15:03, @

Modified Files: 12
FID:  path (prevtimestamp, timestamp)
0        C:\Microchip\Libero_SoC_v2024.1\SynplifyPro\lib\vhd2008\arith.vhd (N/A, 2024-01-04 17:04:42)
1        C:\Microchip\Libero_SoC_v2024.1\SynplifyPro\lib\vhd2008\location.map (N/A, 2024-01-04 17:04:42)
2        C:\Microchip\Libero_SoC_v2024.1\SynplifyPro\lib\vhd2008\numeric.vhd (N/A, 2024-01-04 17:28:28)
3        C:\Microchip\Libero_SoC_v2024.1\SynplifyPro\lib\vhd2008\std.vhd (N/A, 2024-01-04 17:04:42)
4        C:\Microchip\Libero_SoC_v2024.1\SynplifyPro\lib\vhd2008\std1164.vhd (N/A, 2024-01-04 17:04:42)
5        C:\Microchip\Libero_SoC_v2024.1\SynplifyPro\lib\vhd2008\std_textio.vhd (N/A, 2024-01-04 17:04:42)
6        C:\Microchip\Libero_SoC_v2024.1\SynplifyPro\lib\vhd2008\unsigned.vhd (N/A, 2024-01-04 17:04:42)
7        C:\Microchip\Libero_SoC_v2024.1\SynplifyPro\lib\vhd\hyperents.vhd (N/A, 2024-01-04 17:04:42)
8        C:\Microchip\Libero_SoC_v2024.1\SynplifyPro\lib\vhd\snps_haps_pkg.vhd (N/A, 2024-01-04 17:04:42)
9        C:\Microchip\Libero_SoC_v2024.1\SynplifyPro\lib\vhd\umr_capim.vhd (N/A, 2024-01-04 17:04:42)
10       C:\Users\stefa\Desktop\A_Stefan\HTWG\7.Semester\DigitaleSysteme\MeineUebungen\DigitaleSysteme\Aufgabe1\aufgabe1.vhd (N/A, 2024-10-08 11:02:06)
11       C:\Users\stefa\Desktop\A_Stefan\HTWG\7.Semester\DigitaleSysteme\MeineUebungen\DigitaleSysteme\Aufgabe1\hex4x7seg.vhd (N/A, 2024-10-08 11:02:06)

*******************************************************************
Modules that may have changed as a result of file changes: 2
MID:  lib.cell.view
0        work.aufgabe1.struktur may have changed because the following files changed:
                        C:\Users\stefa\Desktop\A_Stefan\HTWG\7.Semester\DigitaleSysteme\MeineUebungen\DigitaleSysteme\Aufgabe1\aufgabe1.vhd (N/A, 2024-10-08 11:02:06) <-- (architecture and entity definition)
2        work.hex4x7seg.struktur may have changed because the following files changed:
                        C:\Users\stefa\Desktop\A_Stefan\HTWG\7.Semester\DigitaleSysteme\MeineUebungen\DigitaleSysteme\Aufgabe1\aufgabe1.vhd (N/A, 2024-10-08 11:02:06) <-- (may instantiate this module)
                        C:\Users\stefa\Desktop\A_Stefan\HTWG\7.Semester\DigitaleSysteme\MeineUebungen\DigitaleSysteme\Aufgabe1\hex4x7seg.vhd (N/A, 2024-10-08 11:02:06) <-- (architecture and entity definition)

*******************************************************************
Unmodified files: 0
FID:  path (timestamp)

*******************************************************************
Unchanged modules: 0
MID:  lib.cell.view
